20240225	22:46:03	25a87e27-50a1-45ce-8138-517c8eff8ac5	Req-url : / - Req-Origin : undefined - Req path :/
20240225	22:46:03	b3d27993-a209-4119-97e8-54a83580903c	Req-url : /css/style.css - Req-Origin : undefined - Req path :/css/style.css
20240225	22:49:19	c09b337e-b0ee-47f6-8ca1-816722685536	Req-url : / - Req-Origin : https://www.google.com.pk - Req path :/
20240225	22:49:19	2981d676-8e17-48bf-b3bf-51b065783ea9	Req-url : / - Req-Origin : https://www.google.com.pk - Req path :/
20240226	00:53:05	53c3226d-2dbb-44e3-9a3c-c3d04ba44c90	Req-url : / - Req-Origin : https://www.google.com.pk - Req path :/
20240226	00:53:05	70f18c0c-8bc9-4942-967c-905111a3e8af	Req-url : / - Req-Origin : https://www.google.com.pk - Req path :/
20240226	01:15:24	b60dc31b-962b-40f9-8085-8f0b2ebf6b92	Req-url : / - Req-Origin : https://www.google.com.pk - Req path :/
20240226	01:15:24	b48dd010-1eda-4c4e-8646-11d50fa312a4	Req-url : / - Req-Origin : https://www.google.com.pk - Req path :/
20240226	01:15:54	75f90d28-0a2f-49ef-8f8a-90d465db4d48	Req-url : / - Req-Origin : https://www.google.com.pk - Req path :/
20240226	01:15:54	820313be-d11b-45c4-b95f-3a1cb8f464ee	Req-url : / - Req-Origin : https://www.google.com.pk - Req path :/
20240226	01:21:15	b2f6c63a-fa07-4959-b76a-a7743cad6d5c	Req-url : / - Req-Origin : undefined - Req path :/
20240226	01:57:22	0e62040e-2f56-4b5e-adb4-a564047efdbe	Req-url : / - Req-Origin : undefined - Req path :/
20240226	01:59:56	cf390c48-5271-4c9c-8d63-1c31355c4020	Req-url : / - Req-Origin : undefined - Req path :/
20240226	01:59:56	8f913c12-c62b-4c4e-ae99-a5a4b4ce1421	Req-url : /css/style.css - Req-Origin : undefined - Req path :/css/style.css
20240226	01:59:59	515f9f00-b3d0-4b3d-8ddb-0ed99e9dc360	Req-url : /ahsan - Req-Origin : undefined - Req path :/ahsan
20240226	01:59:59	0a917e76-96be-4b1c-a75e-12c2ade4d31f	Req-url : /css/style.css - Req-Origin : undefined - Req path :/css/style.css
20240226	02:01:34	e160d8ff-aa00-4643-89e1-414b9c7190cd	Req-url : /ahsan - Req-Origin : undefined - Req path :/ahsan
20240226	02:01:34	abe47425-2dbe-4598-8494-846897badab5	Req-url : /css/style.css - Req-Origin : undefined - Req path :/css/style.css
20240226	02:05:11	6699665b-b8b8-43aa-8a43-abc949f66a36	Req-url : /users - Req-Origin : undefined - Req path :/users
20240227	01:18:02	24e15b9d-9f5c-4fb6-90bb-576d1f0a37ad	Req-url : /ahsan - Req-Origin : undefined - Req path :/ahsan
20240227	01:18:02	3bf24f54-e4a6-4461-80f5-8feb8da5c7b4	Req-url : /css/style.css - Req-Origin : undefined - Req path :/css/style.css
20240227	01:18:12	8d912bcd-21d1-42b3-96db-34b52df07428	Req-url : /subdir/index - Req-Origin : undefined - Req path :/subdir/index
20240227	01:18:12	cbadd852-ef01-4849-99fb-736e9bcc99e5	Req-url : /subdir/css/style.css - Req-Origin : undefined - Req path :/subdir/css/style.css
20240227	01:18:19	34968640-134d-44d2-be08-27ae0048e00a	Req-url : /subdir/test - Req-Origin : undefined - Req path :/subdir/test
20240227	01:18:19	9bb41b7e-da02-4dc3-8e98-b438ec50b37e	Req-url : /subdir/css/style.css - Req-Origin : undefined - Req path :/subdir/css/style.css
20240227	01:18:38	e5315d1d-505f-4e9f-8489-7a080860db7c	Req-url : /subdir/test.html - Req-Origin : undefined - Req path :/subdir/test.html
20240227	01:19:03	8d3d9319-cb3f-4d95-a5b3-c6726d276ff7	Req-url : /subdir/test.html - Req-Origin : undefined - Req path :/subdir/test.html
20240227	01:19:16	55129d7e-691c-4751-91c6-8cab1cff0b7f	Req-url : /subdir/test.html - Req-Origin : undefined - Req path :/subdir/test.html
20240227	01:19:20	f1991288-3c0b-4c59-8054-a4e9b398262d	Req-url : /subdir/test - Req-Origin : undefined - Req path :/subdir/test
20240227	01:19:21	5a5cb284-3b8d-448c-8d58-d830b44aa7c2	Req-url : /subdir/test - Req-Origin : undefined - Req path :/subdir/test
20240227	01:19:52	a25f0ecc-53c0-44a2-9fc3-67a745315ab5	Req-url : /subdir/ahsna - Req-Origin : undefined - Req path :/subdir/ahsna
20240227	01:19:52	7dbd60fb-74c8-4bee-a17a-fcdcadf3f8ad	Req-url : /subdir/css/style.css - Req-Origin : undefined - Req path :/subdir/css/style.css
20240227	01:25:09	ec6e324b-6146-462e-ae43-29afe52c45b9	Req-url : /subdir/ahsna - Req-Origin : undefined - Req path :/subdir/ahsna
20240227	01:25:09	483fbea1-04df-45d3-b5db-5e80583cd4ca	Req-url : /subdir/css/style.css - Req-Origin : undefined - Req path :/subdir/css/style.css
20240227	01:34:06	aecfba35-d945-4031-a415-8486ed24124d	Req-url : / - Req-Origin : undefined - Req path :/
20240227	01:34:06	827655b6-7813-4c8a-bb38-073952d0eef2	Req-url : /css/style.css - Req-Origin : undefined - Req path :/css/style.css
20240227	01:34:11	95a8fab5-9d97-4272-89ca-ffa9b4bb691d	Req-url : /new-page.html - Req-Origin : undefined - Req path :/new-page.html
20240227	01:34:11	720900a7-1b94-429e-a556-b8df1b60f2a2	Req-url : /css/style.css - Req-Origin : undefined - Req path :/css/style.css
20240227	01:34:11	afec008c-6501-4817-ba4b-03a68807d634	Req-url : /img/img1.jpg - Req-Origin : undefined - Req path :/img/img1.jpg
20240227	01:34:28	6704be86-dbec-4fe8-984f-21ed8e5f2880	Req-url : /old-page - Req-Origin : undefined - Req path :/old-page
20240227	01:34:28	8d2989dc-1014-45bd-a383-8ad097413be8	Req-url : /new-page.html - Req-Origin : undefined - Req path :/new-page.html
20240227	01:34:28	a9774536-0167-4f15-baf4-570a0bf1b03b	Req-url : /css/style.css - Req-Origin : undefined - Req path :/css/style.css
20240227	01:34:28	1da70c92-1d41-4826-85ed-1e517b7ab3e3	Req-url : /img/img1.jpg - Req-Origin : undefined - Req path :/img/img1.jpg
20240227	01:34:33	5b2e8911-a000-4ac4-a204-16280b4d0bd0	Req-url : / - Req-Origin : undefined - Req path :/
20240227	01:34:33	05b2253d-25cc-41dd-aaaf-3f8ccddc3c61	Req-url : /css/style.css - Req-Origin : undefined - Req path :/css/style.css
20240227	01:49:57	efc56e8e-c9d1-4b24-9c82-dc74c40d61b9	Req-url : /employees - Req-Origin : undefined - Req path :/employees
20240227	01:52:08	ed2a2d6d-a363-4247-af7f-2867fe5e9b0f	Req-url : /employees - Req-Origin : undefined - Req path :/employees
20240227	01:52:29	88784f3c-8dc0-4974-9035-24b806fe79fb	Req-url : /employees/ - Req-Origin : undefined - Req path :/employees/
20240227	01:52:38	fa2d6c22-ebc6-423f-90a5-2ac670bc9260	Req-url : /employees - Req-Origin : undefined - Req path :/employees
20240227	01:52:40	312de20e-ed65-47af-9568-7dc0ef760b5c	Req-url : /employees - Req-Origin : undefined - Req path :/employees
20240227	01:55:23	07a671af-54f0-4a9b-9021-3ca233045dc9	Req-url : /employees - Req-Origin : undefined - Req path :/employees
20240227	01:55:31	953a72b5-051d-4eae-b242-7acb9121f31c	Req-url : /employees - Req-Origin : undefined - Req path :/employees
20240227	01:55:48	65483268-61cc-4d2b-a236-22c6f6417bc4	Req-url : /employees - Req-Origin : undefined - Req path :/employees
20240227	01:56:26	f0faea46-2357-4527-b391-0500ac0b534e	Req-url : /employees - Req-Origin : undefined - Req path :/employees
20240227	01:56:32	5c0d2a3e-b7f6-4f94-bd34-5ccbff919f06	Req-url : /employees - Req-Origin : undefined - Req path :/employees
20240227	01:57:01	31be1936-ea09-4665-a138-bbb8d164b603	Req-url : /employees - Req-Origin : undefined - Req path :/employees
20240227	01:57:03	ee675546-0d35-414a-9f1f-c3f5d4d35824	Req-url : /employees - Req-Origin : undefined - Req path :/employees
20240227	01:57:54	b4c79c9b-f78e-4d0a-9401-0249bc7b1708	Req-url : /employees - Req-Origin : undefined - Req path :/employees
20240227	01:57:55	81785cf0-e8fe-4080-8496-40ba77924f83	Req-url : /employees - Req-Origin : undefined - Req path :/employees
20240227	01:57:56	5b3630d3-d375-4e3d-8432-9cce686ed9a0	Req-url : /employees - Req-Origin : undefined - Req path :/employees
20240227	01:57:57	11039864-5e13-471c-aeb0-fed8f4ea17ec	Req-url : /employees - Req-Origin : undefined - Req path :/employees
20240227	01:57:57	f7b08157-0a4d-4d3c-8da3-53b4c0ead897	Req-url : /employees - Req-Origin : undefined - Req path :/employees
20240227	01:57:58	6e32e414-537d-4695-b0bf-1110b094c8af	Req-url : /employees - Req-Origin : undefined - Req path :/employees
20240227	01:57:58	049c3f18-f3c6-46ca-bbab-fbb514fbb266	Req-url : /employees - Req-Origin : undefined - Req path :/employees
20240227	01:57:58	982a4fd4-f568-41b6-b3fb-16a55a48e42f	Req-url : /employees - Req-Origin : undefined - Req path :/employees
20240227	01:57:58	a052a9b9-e208-4b56-a102-54890a125f27	Req-url : /employees - Req-Origin : undefined - Req path :/employees
20240227	01:57:59	7467c433-cb9d-4336-a455-b6203e32811a	Req-url : /employees - Req-Origin : undefined - Req path :/employees
20240227	01:58:00	34291fd7-7440-4578-8ecc-efb488fde8b6	Req-url : /employees - Req-Origin : undefined - Req path :/employees
20240227	01:58:00	89709c11-36ec-47c6-8a1a-666a584fcad5	Req-url : /employees - Req-Origin : undefined - Req path :/employees
20240227	02:00:50	78ea975a-87d2-44c3-9cf8-ae00388ad736	Req-url : /employees - Req-Origin : undefined - Req path :/employees
20240227	02:00:58	b766a05e-0060-48f8-ba21-cb0596cae2c8	Req-url : /employees - Req-Origin : undefined - Req path :/employees
20240227	02:01:19	b5dbdaee-fe8c-437c-9ee8-aff0ad74c5ff	Req-url : /employees - Req-Origin : undefined - Req path :/employees
20240227	02:01:21	75839723-2f19-483d-a4b8-9a268d10babc	Req-url : /employees - Req-Origin : undefined - Req path :/employees
20240227	02:01:22	dbd98405-960e-4e04-8350-299b38eeede1	Req-url : /employees - Req-Origin : undefined - Req path :/employees
20240227	02:01:23	de4c7463-78df-4524-9a91-ce742d8f2efa	Req-url : /employees - Req-Origin : undefined - Req path :/employees
20240227	02:01:24	a69c27b9-1663-4f87-82c5-382d923fc267	Req-url : /employees - Req-Origin : undefined - Req path :/employees
20240227	02:01:27	e751aaab-005e-480e-8677-453e02cdfa52	Req-url : /employees - Req-Origin : undefined - Req path :/employees
20240227	02:01:27	b2e45a08-7a9b-4160-8a09-3c50d3fcac09	Req-url : /employees - Req-Origin : undefined - Req path :/employees
20240227	02:01:27	ea857e82-cbae-4199-8d95-a89e0fdf40f6	Req-url : /employees - Req-Origin : undefined - Req path :/employees
20240227	02:01:52	1423862a-f968-479e-8596-5739863d6b64	Req-url : /employees - Req-Origin : undefined - Req path :/employees
20240227	02:01:59	3b85830b-d719-4fed-9114-2f23dc6722d8	Req-url : /employees - Req-Origin : undefined - Req path :/employees
20240227	02:02:00	2d41ea7f-a4ba-43f6-85cd-c35655895125	Req-url : /employees - Req-Origin : undefined - Req path :/employees
20240227	02:02:28	72552376-554a-4c26-9d22-56d716c22597	Req-url : /employees - Req-Origin : undefined - Req path :/employees
20240227	02:08:02	f0b490fe-7cca-425d-a0b9-a4b13f5232f2	Req-url : /employees - Req-Origin : undefined - Req path :/employees
20240227	02:09:39	e99be7f6-c621-4a3a-a5e6-5422f2eb139d	Req-url : /employees - Req-Origin : undefined - Req path :/employees
20240227	19:07:41	5160f7e9-a513-4656-917a-c353b5a09a2c	Req-url : /employees - Req-Origin : undefined - Req path :/employees
20240227	19:08:37	a8d550c2-fd29-4613-8b33-4ed05a6e69da	Req-url : /employees - Req-Origin : undefined - Req path :/employees
20240227	19:08:49	995bafd0-920a-4d50-b444-ca9a445ee033	Req-url : /employees - Req-Origin : undefined - Req path :/employees
20240227	19:09:16	f89b8de9-381f-4943-9a01-b523ca263723	Req-url : /employees - Req-Origin : undefined - Req path :/employees
